[1] "1"                 "0.362757784050171" "0.4279"           
[4] "con: "             "0"                 "sin: "            
[7] "0"                 "5"                
[1] "Individuo Nuevo"   "0.392967348662514" "5"                
[4] "0.4279"           
[1] "Individuo Actual"  "0.392967348662514" "6"                
[4] "0.48"             
[1] "Individuo Nuevo"   "0.401316940744261" "10"               
[4] "0.48"             
[1] "Individuo Actual"  "0.401316940744261" "11"               
[4] "0.46"             
[1] "Individuo Nuevo"   "0.405639918438258" "15"               
[4] "0.46"             
[1] "Individuo Actual"  "0.405639918438258" "16"               
[4] "0.44"             
[1] "Individuo Nuevo"   "0.406010803083753" "20"               
[4] "0.44"             
[1] "Individuo Actual"  "0.406010803083753" "21"               
[4] "0.42"             
[1] "Individuo Nuevo"   "0.406010803083753" "25"               
[4] "0.42"             
[1] "Individuo Actual"  "0.406010803083753" "26"               
[4] "0.6"              
[1] "Individuo Nuevo"   "0.408590962553134" "30"               
[4] "0.6"              
[1] "Individuo Actual"  "0.408590962553134" "31"               
[4] "0.38"             
[1] "Individuo Nuevo"   "0.408590962553134" "35"               
[4] "0.38"             
[1] "Individuo Actual"  "0.408590962553134" "36"               
[4] "0.64"             
[1] "Individuo Nuevo"   "0.408590962553134" "40"               
[4] "0.64"             
[1] "Individuo Actual"  "0.408590962553134" "41"               
[4] "0.66"             
[1] "Individuo Nuevo"   "0.408590962553134" "45"               
[4] "0.66"             
[1] "Individuo Actual"  "0.408590962553134" "46"               
[4] "0.68"             
[1] "Individuo Nuevo"   "0.408590962553134" "50"               
[4] "0.68"             
[1] "Individuo Actual"  "0.408590962553134" "51"               
[4] "0.7"              
[1] "Individuo Nuevo"   "0.408590962553134" "55"               
[4] "0.7"              
[1] "Individuo Actual"  "0.408590962553134" "56"               
[4] "0.72"             
[1] "Individuo Nuevo"   "0.408590962553134" "60"               
[4] "0.72"             
[1] "Individuo Actual"  "0.408590962553134" "61"               
[4] "0.74"             
[1] "Individuo Nuevo"   "0.408590962553134" "65"               
[4] "0.74"             
[1] "Individuo Actual"  "0.408590962553134" "66"               
[4] "0.76"             
[1] "Individuo Nuevo"   "0.408590962553134" "70"               
[4] "0.76"             
[1] "Individuo Actual"  "0.408590962553134" "71"               
[4] "0.78"             
[1] "Individuo Nuevo"   "0.412184359866887" "75"               
[4] "0.78"             
[1] "Individuo Actual"  "0.412184359866887" "76"               
[4] "0.2"              
[1] "Individuo Nuevo"   "0.412184359866887" "80"               
[4] "0.2"              
[1] "Individuo Actual"  "0.412184359866887" "81"               
[4] "0.82"             
[1] "Individuo Nuevo"   "0.412184359866887" "85"               
[4] "0.82"             
[1] "Individuo Actual"  "0.412184359866887" "86"               
[4] "0.84"             
[1] "Individuo Nuevo"   "0.412184359866887" "90"               
[4] "0.84"             
[1] "Individuo Actual"  "0.412184359866887" "91"               
[4] "0.86"             
[1] "Individuo Nuevo"   "0.412184359866887" "95"               
[4] "0.86"             
[1] "Individuo Actual"  "0.412184359866887" "96"               
[4] "0.88"             
[1] "Individuo Nuevo"   "0.412184359866887" "100"              
[4] "0.88"             
[1] "51441.389" "0.272"     "51513.847" "0"         "0"        
[1] "0.412184359866887" "37"               
Error: object 'ejeDEA' not found
Execution halted
[1] "1"                 "0.366899475516185" "0.5137"           
[4] "con: "             "0"                 "sin: "            
[7] "0"                 "5"                
[1] "Individuo Nuevo"  "0.40622076101794" "5"                "0.5137"          
[1] "Individuo Actual" "0.40622076101794" "6"                "0.48"            
[1] "Individuo Nuevo"  "0.40622076101794" "10"               "0.48"            
[1] "Individuo Actual" "0.40622076101794" "11"               "0.54"            
[1] "Individuo Nuevo"   "0.406881479789935" "15"               
[4] "0.54"             
[1] "Individuo Actual"  "0.406881479789935" "16"               
[4] "0.44"             
[1] "Individuo Nuevo"   "0.408785532976468" "20"               
[4] "0.44"             
[1] "Individuo Actual"  "0.408785532976468" "21"               
[4] "0.42"             
[1] "Individuo Nuevo"   "0.408785532976468" "25"               
[4] "0.42"             
[1] "Individuo Actual"  "0.408785532976468" "26"               
[4] "0.6"              
[1] "Individuo Nuevo"  "0.41765882122842" "30"               "0.6"             
[1] "Individuo Actual" "0.41765882122842" "31"               "0.38"            
[1] "Individuo Nuevo"  "0.41820853031725" "35"               "0.38"            
[1] "Individuo Actual" "0.41820853031725" "36"               "0.36"            
[1] "Individuo Nuevo"  "0.41820853031725" "40"               "0.36"            
[1] "Individuo Actual" "0.41820853031725" "41"               "0.66"            
[1] "Individuo Nuevo"  "0.41820853031725" "45"               "0.66"            
[1] "Individuo Actual" "0.41820853031725" "46"               "0.68"            
[1] "Individuo Nuevo"  "0.41820853031725" "50"               "0.68"            
[1] "Individuo Actual" "0.41820853031725" "51"               "0.7"             
[1] "Individuo Nuevo"  "0.41820853031725" "55"               "0.7"             
[1] "Individuo Actual" "0.41820853031725" "56"               "0.72"            
[1] "Individuo Nuevo"  "0.41820853031725" "60"               "0.72"            
[1] "Individuo Actual" "0.41820853031725" "61"               "0.74"            
[1] "Individuo Nuevo"  "0.41820853031725" "65"               "0.74"            
[1] "Individuo Actual" "0.41820853031725" "66"               "0.76"            
[1] "Individuo Nuevo"   "0.418497051728911" "70"               
[4] "0.76"             
[1] "Individuo Actual"  "0.418497051728911" "71"               
[4] "0.22"             
[1] "Individuo Nuevo"   "0.418497051728911" "75"               
[4] "0.22"             
[1] "Individuo Actual"  "0.418497051728911" "76"               
[4] "0.8"              
[1] "Individuo Nuevo"   "0.418497051728911" "80"               
[4] "0.8"              
[1] "Individuo Actual"  "0.418497051728911" "81"               
[4] "0.82"             
[1] "Individuo Nuevo"   "0.418497051728911" "85"               
[4] "0.82"             
[1] "Individuo Actual"  "0.418497051728911" "86"               
[4] "0.84"             
[1] "Individuo Nuevo"   "0.418497051728911" "90"               
[4] "0.84"             
[1] "Individuo Actual"  "0.418497051728911" "91"               
[4] "0.86"             
[1] "Individuo Nuevo"   "0.418497051728911" "95"               
[4] "0.86"             
[1] "Individuo Actual"  "0.418497051728911" "96"               
[4] "0.88"             
[1] "Individuo Nuevo"   "0.418497051728911" "100"              
[4] "0.88"             
[1] "51019.384" "0.698"     "51095.384" "0"         "0"        
[1] "0.418497051728911" "10"               
Error in vectorJaccard(cluster1, cluster2, cluster3, cluster4) : 
  could not find function "vectorJaccard"
Execution halted
[1] "1"                 "0.376901076491288" "0.8459"           
[4] "con: "             "0"                 "sin: "            
[7] "0"                 "5"                
[1] "Individuo Nuevo"   "0.395310084210872" "5"                
[4] "0.8459"           
[1] "Individuo Actual"  "0.395310084210872" "6"                
[4] "0.48"             
[1] "Individuo Nuevo"   "0.397092595873204" "10"               
[4] "0.48"             
[1] "Individuo Actual"  "0.397092595873204" "11"               
[4] "0.46"             
[1] "Individuo Nuevo"   "0.397336159699645" "15"               
[4] "0.46"             
[1] "Individuo Actual"  "0.397336159699645" "16"               
[4] "0.44"             
[1] "Individuo Nuevo"   "0.412924672221959" "20"               
[4] "0.44"             
[1] "Individuo Actual"  "0.412924672221959" "21"               
[4] "0.42"             
[1] "Individuo Nuevo"   "0.412924672221959" "25"               
[4] "0.42"             
[1] "Individuo Actual"  "0.412924672221959" "26"               
[4] "0.6"              
[1] "Individuo Nuevo"   "0.412924672221959" "30"               
[4] "0.6"              
[1] "Individuo Actual"  "0.412924672221959" "31"               
[4] "0.62"             
[1] "Individuo Nuevo"   "0.412924672221959" "35"               
[4] "0.62"             
[1] "Individuo Actual"  "0.412924672221959" "36"               
[4] "0.64"             
[1] "Individuo Nuevo"   "0.412924672221959" "40"               
[4] "0.64"             
[1] "Individuo Actual"  "0.412924672221959" "41"               
[4] "0.66"             
[1] "Individuo Nuevo"   "0.412924672221959" "45"               
[4] "0.66"             
[1] "Individuo Actual"  "0.412924672221959" "46"               
[4] "0.68"             
[1] "Individuo Nuevo"   "0.412924672221959" "50"               
[4] "0.68"             
[1] "Individuo Actual"  "0.412924672221959" "51"               
[4] "0.7"              
[1] "Individuo Nuevo"   "0.417683228770465" "55"               
[4] "0.7"              
[1] "Individuo Actual"  "0.417683228770465" "56"               
[4] "0.28"             
[1] "Individuo Nuevo"   "0.417683228770465" "60"               
[4] "0.28"             
[1] "Individuo Actual"  "0.417683228770465" "61"               
[4] "0.74"             
[1] "Individuo Nuevo"   "0.417683228770465" "65"               
[4] "0.74"             
[1] "Individuo Actual"  "0.417683228770465" "66"               
[4] "0.76"             
[1] "Individuo Nuevo"   "0.417683228770465" "70"               
[4] "0.76"             
[1] "Individuo Actual"  "0.417683228770465" "71"               
[4] "0.78"             
[1] "Individuo Nuevo"   "0.417683228770465" "75"               
[4] "0.78"             
[1] "Individuo Actual"  "0.417683228770465" "76"               
[4] "0.8"              
[1] "Individuo Nuevo"   "0.417683228770465" "80"               
[4] "0.8"              
[1] "Individuo Actual"  "0.417683228770465" "81"               
[4] "0.82"             
[1] "Individuo Nuevo"   "0.417683228770465" "85"               
[4] "0.82"             
[1] "Individuo Actual"  "0.417683228770465" "86"               
[4] "0.84"             
[1] "Individuo Nuevo"   "0.417683228770465" "90"               
[4] "0.84"             
[1] "Individuo Actual"  "0.417683228770465" "91"               
[4] "0.86"             
[1] "Individuo Nuevo"   "0.417683228770465" "95"               
[4] "0.86"             
[1] "Individuo Actual"  "0.417683228770465" "96"               
[4] "0.88"             
[1] "Individuo Nuevo"   "0.417683228770465" "100"              
[4] "0.88"             
[1] "49573.354" "0.942"     "49641.508" "0"         "0"        
[1] "0.417683228770465" "1"                
   [1] 1 2 4 2 3 1 2 1 4 2 3 3 3 3 3 2 1 1 2 4 4 3 1 2 1 2 2 3 1 4 4 3 3 3 2 2 3
  [38] 1 1 1 1 2 1 3 2 1 1 2 2 1 1 2 3 2 4 1 1 1 1 3 4 1 3 4 2 1 2 4 2 3 1 1 1 2
  [75] 4 4 1 1 1 1 2 1 1 4 3 1 2 1 3 1 2 4 4 2 2 1 2 3 1 3 1 3 4 1 3 2 1 1 1 1 1
 [112] 3 3 2 2 2 2 1 3 3 3 2 3 3 3 1 2 2 1 3 3 2 2 1 3 2 2 2 3 3 3 1 2 1 4 4 3 1
 [149] 2 4 3 3 2 1 1 1 1 1 4 2 1 1 2 2 3 4 4 1 4 2 2 2 2 2 4 2 3 1 3 3 4 1 4 1 4
 [186] 1 3 2 4 4 3 3 2 3 1 1 3 2 3 1 2 3 2 2 3 2 2 2 1 2 3 4 4 1 1 3 2 3 1 2 1 2
 [223] 1 2 2 3 1 4 2 3 4 3 4 3 3 4 3 2 2 4 3 4 4 3 3 1 4 2 2 2 3 3 4 3 4 2 4 1 3
 [260] 2 3 2 2 2 2 1 1 2 2 1 2 3 4 1 1 1 2 4 1 1 1 2 3 2 2 3 3 3 3 2 4 4 1 2 4 4
 [297] 3 1 1 4 2 2 2 2 4 1 2 1 3 1 4 3 1 1 1 3 1 2 3 2 2 1 3 3 3 4 1 2 2 1 1 2 2
 [334] 3 2 2 2 2 3 2 2 3 4 2 3 1 1 2 2 2 2 2 2 3 2 2 1 3 1 1 3 1 1 2 1 1 2 3 3 1
 [371] 2 3 3 3 4 2 1 1 1 2 1 1 1 4 3 2 1 1 1 2 3 1 1 1 3 4 1 1 1 1 4 1 2 1 1 1 1
 [408] 1 3 2 3 4 2 1 2 2 1 2 4 2 2 3 4 3 3 3 2 3 1 1 3 3 1 1 1 4 3 3 2 1 2 4 3 3
 [445] 3 3 3 3 3 3 1 1 1 2 3 3 1 1 1 4 3 4 1 1 1 3 4 1 1 4 1 3 2 1 3 1 1 4 1 1 4
 [482] 1 3 3 1 1 1 3 1 2 1 3 2 2 3 4 3 2 3 4 3 4 3 1 1 2 4 3 4 2 2 3 2 4 3 2 2 3
 [519] 1 4 1 2 1 1 2 4 1 1 1 4 1 2 3 2 3 1 4 1 3 2 1 3 3 4 2 3 1 3 3 1 1 2 2 2 1
 [556] 2 2 1 2 1 1 3 2 2 1 4 2 3 4 1 4 2 4 2 4 3 4 3 1 1 4 3 1 1 2 1 2 1 1 1 3 2
 [593] 1 3 1 2 3 1 2 1 4 2 2 2 1 2 1 1 4 2 1 1 1 1 4 1 3 1 3 4 2 2 4 2 1 3 3 2 4
 [630] 1 1 1 1 3 2 1 2 3 1 2 2 1 3 3 3 1 2 1 1 1 1 1 4 3 3 2 1 1 1 3 3 1 4 3 4 3
 [667] 4 2 2 2 2 1 1 4 4 1 1 3 1 1 1 3 3 2 1 2 1 4 1 2 1 2 2 4 2 1 4 3 2 1 3 2 3
 [704] 2 2 2 1 1 1 1 2 4 1 1 1 2 3 1 2 2 1 3 1 1 2 2 3 3 2 1 1 3 2 2 2 2 3 1 1 3
 [741] 1 4 4 1 2 1 2 1 2 1 1 4 1 4 2 2 3 3 4 2 2 2 2 4 2 4 1 1 2 2 1 3 1 3 2 2 3
 [778] 1 3 1 2 1 3 2 3 2 3 3 1 2 1 1 3 1 2 1 4 1 1 1 1 1 3 1 1 3 1 3 3 1 4 2 1 3
 [815] 1 2 1 2 1 1 1 3 2 1 1 1 2 3 2 2 4 4 1 1 1 3 4 1 3 3 3 3 1 2 3 2 2 1 4 2 3
 [852] 3 1 1 1 3 1 1 1 2 3 1 1 2 3 2 4 2 3 1 3 2 1 4 2 2 1 4 2 1 1 4 1 2 2 1 3 1
 [889] 1 4 2 2 3 1 1 4 1 1 1 1 2 3 1 1 1 3 1 4 4 2 3 1 1 2 2 3 2 2 1 2 2 2 1 3 2
 [926] 2 2 3 1 1 3 1 2 2 2 3 1 4 3 2 1 2 4 1 3 2 2 2 1 1 1 1 1 1 1 1 3 1 2 1 1 2
 [963] 2 3 1 2 3 2 2 4 2 2 2 1 3 4 4 3 4 2 1 2 2 1 2 4 1 2 3 1 1 2 1 1 2 2 1 1 2
[1000] 2 2 1 3 2 1 1 1 2 3 4 3 3 2 4 1 1 1 1 2 4 2 1 2 2 4 2 3 3 1 2 1 3 1 4 1 2
[1037] 4 2 1 3 3 3 1 3 2 2 1 3 2 1 1 3 2 2 2 1 1 1 4 1 3 3 3 2 1 2 2 3 2 2 4 1 3
[1074] 2 2 2 2 1 3 1 1 1 3 3 3 1 2 4 2 3 3 2 1 4 1 2 1 1 3 3 1 3 2 1 4 1 1 1 2 1
[1111] 1 4 4 4 2 2 2 3 3 1 1 3 2 3 2 4 2 2 3 3 3 4 2 2 1 3 4 2 1 2 3 2 4 1 4 3 2
[1148] 3 2 3 1 3 1 3 3 1 3 3 3 2 2 2 1 1 2 2 3 1 2 1 2 2 3 3 1 1 1 4 1 2 1 1 1 2
[1185] 3 2 2 3 1 1 1 1 1 1 3 1 1 1 2 4
[1] "1"                 "0.366805046575265" "0.4255"           
[4] "con: "             "0"                 "sin: "            
[7] "0"                 "5"                
[1] "Individuo Nuevo"   "0.399169799466621" "5"                
[4] "0.4255"           
[1] "Individuo Actual"  "0.399169799466621" "6"                
[4] "0.48"             
[1] "Individuo Nuevo"   "0.402744803996185" "10"               
[4] "0.48"             
[1] "Individuo Actual"  "0.402744803996185" "11"               
[4] "0.46"             
[1] "Individuo Nuevo"   "0.404715753023773" "15"               
[4] "0.46"             
[1] "Individuo Actual"  "0.404715753023773" "16"               
[4] "0.44"             
[1] "Individuo Nuevo"   "0.409784701472103" "20"               
[4] "0.44"             
[1] "Individuo Actual"  "0.409784701472103" "21"               
[4] "0.42"             
[1] "Individuo Nuevo"   "0.409784701472103" "25"               
[4] "0.42"             
[1] "Individuo Actual"  "0.409784701472103" "26"               
[4] "0.6"              
[1] "Individuo Nuevo"   "0.411894011055698" "30"               
[4] "0.6"              
[1] "Individuo Actual"  "0.411894011055698" "31"               
[4] "0.38"             
[1] "Individuo Nuevo"   "0.411894011055698" "35"               
[4] "0.38"             
[1] "Individuo Actual"  "0.411894011055698" "36"               
[4] "0.64"             
[1] "Individuo Nuevo"   "0.411894011055698" "40"               
[4] "0.64"             
[1] "Individuo Actual"  "0.411894011055698" "41"               
[4] "0.66"             
[1] "Individuo Nuevo"   "0.419190898152114" "45"               
[4] "0.66"             
[1] "Individuo Actual"  "0.419190898152114" "46"               
[4] "0.32"             
[1] "Individuo Nuevo"   "0.419190898152114" "50"               
[4] "0.32"             
[1] "Individuo Actual"  "0.419190898152114" "51"               
[4] "0.7"              
[1] "Individuo Nuevo"   "0.419190898152114" "55"               
[4] "0.7"              
[1] "Individuo Actual"  "0.419190898152114" "56"               
[4] "0.72"             
[1] "Individuo Nuevo"   "0.419190898152114" "60"               
[4] "0.72"             
[1] "Individuo Actual"  "0.419190898152114" "61"               
[4] "0.74"             
[1] "Individuo Nuevo"   "0.419190898152114" "65"               
[4] "0.74"             
[1] "Individuo Actual"  "0.419190898152114" "66"               
[4] "0.76"             
[1] "Individuo Nuevo"   "0.419190898152114" "70"               
[4] "0.76"             
[1] "Individuo Actual"  "0.419190898152114" "71"               
[4] "0.78"             
[1] "Individuo Nuevo"   "0.419190898152114" "75"               
[4] "0.78"             
[1] "Individuo Actual"  "0.419190898152114" "76"               
[4] "0.8"              
[1] "Individuo Nuevo"   "0.419190898152114" "80"               
[4] "0.8"              
[1] "Individuo Actual"  "0.419190898152114" "81"               
[4] "0.82"             
[1] "Individuo Nuevo"   "0.419190898152114" "85"               
[4] "0.82"             
[1] "Individuo Actual"  "0.419190898152114" "86"               
[4] "0.84"             
[1] "Individuo Nuevo"   "0.419190898152114" "90"               
[4] "0.84"             
[1] "Individuo Actual"  "0.419190898152114" "91"               
[4] "0.86"             
[1] "Individuo Nuevo"   "0.419190898152114" "95"               
[4] "0.86"             
[1] "Individuo Actual"  "0.419190898152114" "96"               
[4] "0.88"             
[1] "Individuo Nuevo"   "0.419190898152114" "100"              
[4] "0.88"             
[1] "44066.318" "0.267"     "44116.175" "0"         "0"        
[1] "0.419190898152114" "15"               
   [1] 1 2 4 3 4 1 3 1 4 2 4 4 4 4 4 3 1 1 2 4 2 4 1 3 1 3 2 4 3 2 2 4 4 4 2 4 4
  [38] 3 1 1 1 4 1 4 2 1 3 3 3 1 1 2 4 3 2 1 1 1 1 4 4 1 4 2 3 3 3 4 3 4 1 1 1 2
  [75] 3 4 1 1 1 3 3 1 1 2 4 1 3 1 4 1 3 2 2 3 3 1 2 4 1 1 1 4 4 1 4 3 1 1 1 1 1
 [112] 4 4 2 3 3 2 1 4 4 4 3 4 4 4 3 3 2 1 1 4 2 3 1 4 3 3 3 4 4 4 1 3 1 2 4 4 1
 [149] 3 2 4 4 3 1 1 3 3 1 2 3 1 3 3 3 4 4 2 1 4 3 3 3 3 3 3 3 4 1 4 4 2 1 4 1 4
 [186] 1 4 3 2 4 4 4 2 4 1 1 4 3 4 1 4 4 3 4 4 3 3 3 1 3 4 4 4 1 1 4 2 4 1 3 1 3
 [223] 1 3 3 4 1 2 3 4 2 4 2 4 4 2 4 4 2 4 4 2 4 4 4 1 4 3 4 2 4 4 4 4 2 3 2 1 4
 [260] 3 4 3 2 3 3 3 3 3 3 1 3 4 2 3 1 3 3 2 1 1 1 3 4 3 3 4 4 4 4 3 2 4 1 3 4 4
 [297] 4 1 1 2 2 2 3 3 2 1 2 1 4 1 2 4 1 1 1 4 1 3 4 4 3 1 4 4 4 2 3 2 3 3 1 2 4
 [334] 4 4 2 3 3 4 3 2 4 4 3 4 1 1 2 3 3 3 3 3 4 3 4 1 4 3 1 4 1 3 4 1 1 3 4 4 1
 [371] 3 4 4 4 2 2 1 1 3 3 1 1 1 2 4 3 3 1 1 3 4 1 1 1 4 4 1 1 1 1 2 1 2 1 1 1 1
 [408] 1 4 3 4 2 2 3 3 3 1 3 4 3 3 4 2 4 1 4 2 4 1 1 4 4 1 1 1 2 4 4 3 1 3 2 4 4
 [445] 4 4 4 4 4 4 1 1 1 3 4 4 1 1 1 2 4 2 1 1 3 4 2 1 1 2 1 4 3 1 4 1 3 2 3 1 4
 [482] 1 4 4 1 1 1 4 1 3 3 1 3 3 1 4 4 3 4 2 4 2 4 1 1 2 2 4 2 3 3 4 3 2 4 3 2 4
 [519] 1 4 3 3 1 1 2 4 1 1 1 2 3 3 3 3 4 1 4 1 1 2 1 3 1 2 3 4 1 4 4 3 1 3 2 3 1
 [556] 3 3 1 2 1 1 4 3 3 1 2 2 4 2 1 2 4 4 2 2 4 2 4 3 1 2 4 3 1 2 1 4 1 1 1 4 3
 [593] 1 4 1 2 4 1 3 1 2 2 3 3 1 3 1 1 2 3 3 1 1 1 2 1 4 1 4 2 2 3 2 3 1 4 1 2 2
 [630] 1 1 1 3 4 3 1 2 4 1 3 3 1 1 4 4 1 3 1 1 1 1 1 4 4 4 3 1 1 1 1 4 1 2 4 2 4
 [667] 2 2 3 3 3 1 1 2 4 1 1 4 1 1 1 4 1 3 3 2 1 2 3 2 1 3 3 3 4 1 4 4 2 1 4 3 4
 [704] 3 3 3 1 1 1 1 3 4 1 3 3 3 4 1 3 2 1 4 1 1 3 3 4 4 3 1 1 4 2 3 3 3 4 1 1 4
 [741] 1 4 2 3 3 1 3 3 3 1 1 2 3 4 2 3 4 4 4 3 3 4 2 2 4 2 1 1 2 3 1 4 1 4 2 2 4
 [778] 1 4 1 2 1 4 2 4 4 4 4 1 3 1 3 4 3 2 1 4 1 1 3 1 1 4 1 1 4 1 4 4 1 2 4 1 4
 [815] 3 3 3 2 3 1 1 1 4 3 1 1 3 4 3 2 4 4 1 1 1 4 2 1 4 4 4 4 1 3 4 3 3 1 4 2 4
 [852] 4 1 1 1 4 1 1 1 3 4 1 1 3 1 3 4 2 4 1 4 3 3 2 2 3 1 4 4 1 1 2 1 3 3 1 4 1
 [889] 3 2 3 3 1 1 1 2 1 1 1 1 3 4 1 1 1 4 1 2 2 3 4 3 1 3 2 4 2 3 1 3 3 3 1 4 3
 [926] 3 2 4 1 1 4 3 3 3 2 4 1 4 4 2 1 3 2 1 4 3 2 3 1 3 1 1 1 1 1 1 4 1 3 1 1 4
 [963] 3 4 1 3 4 3 4 2 3 3 3 1 4 4 2 4 2 2 3 2 3 1 2 3 1 3 4 1 1 4 1 1 2 3 1 1 3
[1000] 2 3 3 4 3 1 1 1 3 4 4 4 4 3 2 3 1 1 1 3 2 3 1 3 4 2 2 4 4 1 3 1 4 1 4 1 4
[1037] 2 3 1 4 1 4 1 4 3 3 1 4 3 1 1 4 3 4 2 1 1 1 4 1 4 4 4 3 1 3 4 4 2 2 2 1 4
[1074] 3 2 2 3 1 4 1 1 1 4 4 4 1 3 4 2 4 4 3 1 4 1 3 3 3 4 4 1 4 2 1 2 1 1 3 3 3
[1111] 3 2 2 2 3 3 3 4 4 1 1 4 4 4 2 2 4 2 4 4 4 4 3 3 1 4 2 3 1 3 4 2 2 1 4 4 2
[1148] 4 2 4 1 4 1 4 4 1 4 4 1 3 3 4 1 1 2 2 4 3 3 1 3 3 4 4 1 1 1 2 3 3 1 1 1 3
[1185] 4 2 3 4 1 1 1 1 1 1 4 1 1 1 3 4
[1] "1"                 "0.349783989318414" "0.4836"           
[4] "con: "             "0"                 "sin: "            
[7] "0"                 "5"                
[1] "Individuo Nuevo"   "0.398423783658985" "5"                
[4] "0.4836"           
[1] "Individuo Actual"  "0.398423783658985" "6"                
[4] "0.48"             
[1] "Individuo Nuevo"   "0.406548747221626" "10"               
[4] "0.48"             
[1] "Individuo Actual"  "0.406548747221626" "11"               
[4] "0.46"             
[1] "Individuo Nuevo"   "0.408601193921977" "15"               
[4] "0.46"             
[1] "Individuo Actual"  "0.408601193921977" "16"               
[4] "0.44"             
[1] "Individuo Nuevo"   "0.410962377061183" "20"               
[4] "0.44"             
[1] "Individuo Actual"  "0.410962377061183" "21"               
[4] "0.42"             
[1] "Individuo Nuevo"   "0.410962377061183" "25"               
[4] "0.42"             
[1] "Individuo Actual"  "0.410962377061183" "26"               
[4] "0.6"              
[1] "Individuo Nuevo"   "0.410962377061183" "30"               
[4] "0.6"              
[1] "Individuo Actual"  "0.410962377061183" "31"               
[4] "0.62"             
[1] "Individuo Nuevo"   "0.410962377061183" "35"               
[4] "0.62"             
[1] "Individuo Actual"  "0.410962377061183" "36"               
[4] "0.64"             
[1] "Individuo Nuevo"   "0.413336966396975" "40"               
[4] "0.64"             
[1] "Individuo Actual"  "0.413336966396975" "41"               
[4] "0.34"             
[1] "Individuo Nuevo"   "0.414601695703043" "45"               
[4] "0.34"             
[1] "Individuo Actual"  "0.414601695703043" "46"               
[4] "0.32"             
[1] "Individuo Nuevo"   "0.414601695703043" "50"               
[4] "0.32"             
[1] "Individuo Actual"  "0.414601695703043" "51"               
[4] "0.7"              
[1] "Individuo Nuevo"   "0.414601695703043" "55"               
[4] "0.7"              
[1] "Individuo Actual"  "0.414601695703043" "56"               
[4] "0.72"             
[1] "Individuo Nuevo"   "0.415333830657012" "60"               
[4] "0.72"             
[1] "Individuo Actual"  "0.415333830657012" "61"               
[4] "0.26"             
[1] "Individuo Nuevo"   "0.415333830657012" "65"               
[4] "0.26"             
[1] "Individuo Actual"  "0.415333830657012" "66"               
[4] "0.76"             
[1] "Individuo Nuevo"   "0.418571971625358" "70"               
[4] "0.76"             
[1] "Individuo Actual"  "0.418571971625358" "71"               
[4] "0.22"             
[1] "Individuo Nuevo"   "0.418571971625358" "75"               
[4] "0.22"             
[1] "Individuo Actual"  "0.418571971625358" "76"               
[4] "0.8"              
[1] "Individuo Nuevo"   "0.418571971625358" "80"               
[4] "0.8"              
[1] "Individuo Actual"  "0.418571971625358" "81"               
[4] "0.82"             
[1] "Individuo Nuevo"   "0.418571971625358" "85"               
[4] "0.82"             
[1] "Individuo Actual"  "0.418571971625358" "86"               
[4] "0.84"             
[1] "Individuo Nuevo"   "0.418571971625358" "90"               
[4] "0.84"             
[1] "Individuo Actual"  "0.418571971625358" "91"               
[4] "0.86"             
[1] "Individuo Nuevo"   "0.418571971625358" "95"               
[4] "0.86"             
[1] "Individuo Actual"  "0.418571971625358" "96"               
[4] "0.88"             
[1] "Individuo Nuevo"   "0.418571971625358" "100"              
[4] "0.88"             
[1] "48238.061" "1.434"     "48294.834" "0"         "0"        
[1] "0.418571971625358" "34"               
   [1] 1 3 3 2 4 1 2 1 4 3 4 4 4 4 4 2 1 1 3 3 3 4 1 2 1 2 3 4 2 2 3 4 4 4 4 2 4
  [38] 2 1 1 1 4 1 4 2 1 1 2 2 1 1 2 4 2 3 1 1 1 1 4 4 1 4 3 2 1 2 3 2 4 1 1 1 2
  [75] 2 4 1 1 1 1 2 1 1 3 4 1 2 1 4 1 2 3 3 2 2 1 2 4 1 1 1 4 3 1 4 2 1 1 1 1 1
 [112] 4 4 2 2 2 2 1 4 4 4 2 3 4 4 1 2 4 1 1 4 2 2 1 4 1 2 2 4 4 4 1 2 1 3 4 4 1
 [149] 4 3 1 4 2 1 1 1 1 1 3 2 1 1 2 2 4 4 3 1 4 2 2 2 2 2 2 2 3 1 4 4 3 1 4 1 4
 [186] 1 4 2 3 4 4 4 3 4 1 1 4 4 4 1 3 1 2 4 4 2 2 2 1 2 4 4 4 1 1 4 3 3 1 2 1 2
 [223] 1 2 2 4 1 4 2 4 3 4 3 4 4 3 3 3 2 3 4 3 4 4 4 1 4 2 4 2 4 4 3 4 3 2 3 1 4
 [260] 2 4 2 2 2 2 2 1 2 2 1 2 4 4 2 1 2 4 3 1 1 1 2 4 2 2 4 4 4 4 2 3 4 1 2 3 3
 [297] 4 1 1 3 2 2 2 2 3 1 2 1 4 1 3 4 1 1 1 4 1 2 4 4 2 1 4 4 4 3 1 3 2 1 1 3 3
 [334] 4 4 2 2 2 4 2 3 2 3 2 4 1 1 2 2 2 2 2 2 4 2 4 1 4 1 1 4 1 2 4 1 1 2 4 4 1
 [371] 2 4 4 3 3 3 1 1 1 2 1 1 1 3 4 2 1 1 1 2 4 1 1 1 4 4 1 1 1 1 3 1 3 1 1 1 1
 [408] 1 4 2 4 3 2 1 2 2 1 2 3 2 2 4 3 4 1 4 3 4 1 1 4 4 1 1 1 3 4 4 2 1 2 3 4 4
 [445] 4 4 4 4 4 4 1 1 1 2 4 4 1 1 1 3 4 3 1 1 1 4 3 1 1 3 1 4 2 1 4 1 1 3 1 1 4
 [482] 1 4 4 1 1 1 4 1 2 1 4 2 2 1 4 4 2 4 3 4 3 4 1 1 3 3 4 3 2 2 4 2 3 4 2 3 4
 [519] 1 4 1 2 1 1 3 3 1 1 1 3 2 2 4 2 4 1 4 1 1 2 1 2 1 3 2 4 1 4 4 1 1 2 2 2 1
 [556] 2 2 1 3 1 1 4 2 2 1 3 3 4 3 1 3 3 3 2 3 4 3 4 1 1 3 4 1 1 3 1 2 1 1 1 4 2
 [593] 1 4 1 3 4 1 2 1 3 2 2 2 1 2 1 1 3 2 1 1 1 1 3 1 4 1 4 4 3 2 3 2 1 4 1 2 3
 [630] 1 1 1 1 4 2 1 4 4 1 2 2 1 1 4 4 1 2 1 1 1 1 1 4 4 4 2 1 1 1 1 4 1 3 4 3 2
 [667] 2 3 2 2 2 1 1 3 4 1 1 4 1 1 1 4 1 2 2 3 1 3 1 3 1 2 2 2 3 1 4 4 3 1 4 2 4
 [704] 2 2 2 1 1 1 1 2 4 1 1 2 2 4 1 2 4 1 4 1 1 2 2 4 4 2 1 1 4 3 2 2 2 4 1 1 4
 [741] 1 4 3 1 2 1 2 1 2 1 1 3 1 4 3 2 4 4 3 2 2 4 3 3 4 3 1 1 2 2 1 4 1 4 3 2 4
 [778] 1 4 1 4 1 4 3 4 4 4 4 1 2 1 2 2 1 3 1 4 1 1 1 1 4 4 1 1 4 1 4 4 1 4 3 1 4
 [815] 1 2 1 2 1 1 1 4 4 1 1 1 2 4 2 3 3 4 1 1 1 4 3 1 4 4 4 4 1 2 4 2 2 1 4 2 4
 [852] 4 1 1 1 4 1 1 1 2 4 1 1 2 4 2 4 2 4 1 4 2 1 3 2 2 1 3 3 1 1 3 1 2 2 1 4 1
 [889] 1 3 1 2 4 1 1 3 1 1 1 1 2 4 1 1 1 4 1 3 3 2 4 1 1 2 3 4 4 2 1 2 2 2 1 4 2
 [926] 2 3 4 1 1 4 2 2 2 3 4 1 3 4 4 1 2 3 1 1 2 2 2 1 1 1 1 1 1 1 1 4 1 2 1 1 4
 [963] 2 4 1 2 4 2 4 3 2 2 2 1 4 3 3 4 3 3 1 3 2 1 3 2 1 2 4 1 1 2 1 1 2 2 1 1 2
[1000] 2 2 1 4 2 1 1 1 2 4 3 4 4 2 3 1 1 1 1 2 3 2 1 2 4 3 3 4 4 1 2 1 4 1 3 1 2
[1037] 3 2 1 4 4 4 1 4 2 2 1 4 2 1 1 4 2 3 2 1 1 1 4 1 3 4 4 2 1 2 3 4 2 3 3 1 4
[1074] 2 3 2 2 1 4 1 1 1 4 4 4 1 2 3 2 4 4 2 1 4 1 2 1 2 4 4 1 4 3 1 3 1 1 2 2 1
[1111] 1 3 3 3 2 2 2 4 4 1 1 4 4 4 4 3 3 2 4 4 4 4 2 2 1 4 3 2 1 2 4 3 4 1 3 4 3
[1148] 4 4 4 1 4 1 4 4 1 4 2 1 2 2 2 1 1 3 3 4 1 2 1 2 2 4 4 1 1 1 3 1 2 1 1 1 2
[1185] 4 3 2 4 1 1 1 1 1 1 4 1 1 1 2 4
[1] "1"                 "0.348023369151399" "0.7682"           
[4] "con: "             "0"                 "sin: "            
[7] "0"                 "5"                
[1] "Individuo Nuevo"   "0.397421168723995" "5"                
[4] "0.7682"           
[1] "Individuo Actual"  "0.397421168723995" "6"                
[4] "0.48"             
[1] "Individuo Nuevo"   "0.407792942678945" "10"               
[4] "0.48"             
[1] "Individuo Actual"  "0.407792942678945" "11"               
[4] "0.46"             
[1] "Individuo Nuevo"   "0.412791110872655" "15"               
[4] "0.46"             
[1] "Individuo Actual"  "0.412791110872655" "16"               
[4] "0.44"             
[1] "Individuo Nuevo"   "0.412791110872655" "20"               
[4] "0.44"             
[1] "Individuo Actual"  "0.412791110872655" "21"               
[4] "0.58"             
[1] "Individuo Nuevo"   "0.412821683438263" "25"               
[4] "0.58"             
[1] "Individuo Actual"  "0.412821683438263" "26"               
[4] "0.4"              
[1] "Individuo Nuevo"   "0.417986268558045" "30"               
[4] "0.4"              
[1] "Individuo Actual"  "0.417986268558045" "31"               
[4] "0.38"             
[1] "Individuo Nuevo"   "0.417986268558045" "35"               
[4] "0.38"             
[1] "Individuo Actual"  "0.417986268558045" "36"               
[4] "0.64"             
[1] "Individuo Nuevo"   "0.417986268558045" "40"               
[4] "0.64"             
[1] "Individuo Actual"  "0.417986268558045" "41"               
[4] "0.66"             
[1] "Individuo Nuevo"   "0.417986268558045" "45"               
[4] "0.66"             
[1] "Individuo Actual"  "0.417986268558045" "46"               
[4] "0.68"             
[1] "Individuo Nuevo"   "0.417986268558045" "50"               
[4] "0.68"             
[1] "Individuo Actual"  "0.417986268558045" "51"               
[4] "0.7"              
[1] "Individuo Nuevo"   "0.417986268558045" "55"               
[4] "0.7"              
[1] "Individuo Actual"  "0.417986268558045" "56"               
[4] "0.72"             
[1] "Individuo Nuevo"   "0.417986268558045" "60"               
[4] "0.72"             
[1] "Individuo Actual"  "0.417986268558045" "61"               
[4] "0.74"             
[1] "Individuo Nuevo"   "0.417986268558045" "65"               
[4] "0.74"             
[1] "Individuo Actual"  "0.417986268558045" "66"               
[4] "0.76"             
[1] "Individuo Nuevo"   "0.417986268558045" "70"               
[4] "0.76"             
[1] "Individuo Actual"  "0.417986268558045" "71"               
[4] "0.78"             
[1] "Individuo Nuevo"   "0.417986268558045" "75"               
[4] "0.78"             
[1] "Individuo Actual"  "0.417986268558045" "76"               
[4] "0.8"              
[1] "Individuo Nuevo"   "0.417986268558045" "80"               
[4] "0.8"              
[1] "Individuo Actual"  "0.417986268558045" "81"               
[4] "0.82"             
[1] "Individuo Nuevo"   "0.417986268558045" "85"               
[4] "0.82"             
[1] "Individuo Actual"  "0.417986268558045" "86"               
[4] "0.84"             
[1] "Individuo Nuevo"   "0.417986268558045" "90"               
[4] "0.84"             
[1] "Individuo Actual"  "0.417986268558045" "91"               
[4] "0.86"             
[1] "Individuo Nuevo"   "0.417986268558045" "95"               
[4] "0.86"             
[1] "Individuo Actual"  "0.417986268558045" "96"               
[4] "0.88"             
[1] "Individuo Nuevo"   "0.417986268558045" "100"              
[4] "0.88"             
[1] "51108.318" "4.007"     "51179.616" "0"         "0"        
[1] "0.417986268558045" "36"               
   [1] 1 2 4 3 4 1 3 1 4 2 4 4 4 4 4 3 1 1 2 2 2 3 1 2 1 1 3 4 1 2 2 4 4 4 3 3 4
  [38] 1 1 1 1 4 1 4 3 1 1 2 3 1 1 3 4 3 3 1 1 1 1 4 4 1 4 2 3 1 3 3 1 4 1 1 1 3
  [75] 2 3 1 1 1 1 3 1 1 2 3 1 3 1 4 1 1 2 2 3 1 1 3 4 1 4 1 4 2 1 4 3 1 1 1 1 1
 [112] 4 4 2 3 3 3 1 4 4 4 3 4 4 4 1 3 3 1 4 4 3 3 1 4 1 3 1 4 4 4 1 3 1 3 4 4 1
 [149] 3 2 4 4 3 1 1 1 1 1 2 2 1 1 3 3 4 4 2 1 4 3 3 3 1 3 2 3 4 1 4 4 3 1 4 1 2
 [186] 1 4 1 3 3 4 4 2 4 1 1 4 3 4 1 4 4 3 3 4 3 3 3 1 3 4 4 4 1 1 4 2 4 1 3 1 3
 [223] 1 3 1 4 1 2 3 4 2 4 2 4 4 3 4 4 2 4 3 2 4 4 4 1 4 1 4 3 4 4 2 4 2 3 2 1 4
 [260] 1 4 3 2 3 2 1 1 3 1 1 3 4 2 1 1 1 3 2 1 1 1 3 4 2 3 4 4 3 4 3 2 4 1 3 4 2
 [297] 4 1 1 2 2 3 3 3 2 1 2 1 4 1 2 4 1 1 1 4 1 3 4 3 1 1 4 4 4 2 1 3 3 1 1 3 3
 [334] 4 4 3 1 2 3 3 3 3 2 1 4 1 1 3 3 3 1 3 3 4 3 3 1 4 1 1 4 1 1 3 1 1 3 4 4 1
 [371] 3 4 4 4 2 2 1 1 1 3 1 1 1 3 4 2 1 1 1 2 4 1 1 1 4 2 1 1 1 1 3 1 3 1 1 1 1
 [408] 1 4 1 4 3 2 1 1 3 1 3 4 3 3 4 2 4 1 4 2 4 4 1 4 4 1 1 1 2 4 3 3 1 2 2 4 4
 [445] 4 4 4 4 4 3 1 1 1 1 4 4 1 1 1 2 4 2 1 1 1 4 2 1 1 2 1 3 3 4 4 1 1 2 1 1 2
 [482] 1 4 4 1 1 1 4 1 3 1 1 3 3 4 4 4 3 4 2 4 2 4 1 1 3 2 4 2 3 3 3 3 2 4 3 2 4
 [519] 1 4 3 3 1 1 3 3 1 1 1 2 1 1 3 3 4 1 2 1 4 3 1 3 4 2 3 3 1 4 4 1 1 2 3 3 1
 [556] 3 3 1 2 1 1 4 2 2 1 2 3 4 2 1 2 3 2 3 2 4 2 4 1 1 3 3 1 1 2 1 3 1 1 1 4 1
 [593] 1 4 1 4 4 1 3 1 2 2 3 3 1 3 1 1 2 3 1 1 1 1 2 1 4 1 4 3 3 3 2 3 1 4 1 3 2
 [630] 1 1 1 1 4 1 1 3 4 1 3 3 1 3 4 4 1 1 1 1 1 1 1 2 4 4 3 1 1 1 4 4 1 2 4 2 3
 [667] 2 2 3 1 1 1 1 2 2 1 1 4 1 1 1 4 1 1 1 2 1 2 3 2 1 4 3 1 3 1 4 4 2 1 4 3 4
 [704] 3 2 1 1 1 1 1 1 3 1 1 1 1 4 1 1 3 1 4 1 1 3 2 4 4 3 1 1 4 2 3 4 3 4 1 1 4
 [741] 1 4 2 1 3 1 3 1 3 1 1 2 1 4 2 3 4 4 2 3 3 4 2 2 3 2 1 1 2 3 1 4 1 4 2 2 4
 [778] 1 4 1 3 1 4 3 4 3 4 4 1 2 1 1 4 1 2 1 4 1 1 1 1 1 4 1 1 4 1 4 4 1 2 3 1 4
 [815] 1 4 1 2 1 1 1 4 3 1 1 1 3 4 3 2 4 4 1 1 1 4 2 1 4 4 4 4 1 3 4 3 1 1 4 2 4
 [852] 3 1 1 1 4 1 1 1 3 4 1 1 3 4 3 2 3 4 1 4 1 1 2 3 3 1 4 4 1 1 2 1 3 3 1 4 1
 [889] 1 2 1 3 4 1 1 2 1 1 1 1 3 4 1 1 1 4 1 2 2 1 4 1 1 3 2 4 3 1 1 3 3 3 1 4 3
 [926] 3 3 4 1 1 4 1 1 3 2 4 1 4 4 3 1 3 2 1 4 3 2 1 1 1 1 1 1 1 1 1 4 1 2 1 1 3
 [963] 3 4 1 3 4 1 3 2 3 3 1 1 4 2 2 4 2 2 3 2 3 1 2 2 1 3 4 1 1 4 1 1 3 3 1 1 3
[1000] 3 1 1 4 3 1 1 1 1 4 2 4 4 3 2 1 1 1 1 3 2 3 1 3 2 3 2 4 4 1 1 1 4 1 4 1 3
[1037] 2 1 1 4 3 4 1 4 3 3 1 4 3 1 1 4 1 4 3 1 1 1 4 1 3 4 4 3 1 2 4 4 3 3 2 1 4
[1074] 3 2 3 3 1 4 1 4 1 4 4 4 4 1 2 3 3 4 3 1 4 1 1 1 1 4 4 1 4 2 1 2 1 1 1 3 1
[1111] 1 2 2 2 3 3 3 4 4 1 1 4 4 4 3 2 2 2 4 4 4 2 3 3 1 4 2 1 1 3 4 2 2 1 4 4 2
[1148] 3 3 4 1 4 1 4 4 1 4 4 4 1 4 4 1 1 3 2 4 1 1 1 2 4 4 4 1 1 1 2 1 3 1 1 1 3
[1185] 4 3 3 4 1 1 1 1 1 1 4 1 1 1 1 4
[1] "1"                 "0.373658360643966" "0.3819"           
[4] "con: "             "0"                 "sin: "            
[7] "0"                 "5"                
[1] "Individuo Nuevo"   "0.401834940699241" "5"                
[4] "0.3819"           
[1] "Individuo Actual"  "0.401834940699241" "6"                
[4] "0.48"             
[1] "Individuo Nuevo"   "0.407217317659394" "10"               
[4] "0.48"             
[1] "Individuo Actual"  "0.407217317659394" "11"               
[4] "0.46"             
[1] "Individuo Nuevo"   "0.407796889072067" "15"               
[4] "0.46"             
[1] "Individuo Actual"  "0.407796889072067" "16"               
[4] "0.44"             
[1] "Individuo Nuevo"   "0.409397827261679" "20"               
[4] "0.44"             
[1] "Individuo Actual"  "0.409397827261679" "21"               
[4] "0.42"             
[1] "Individuo Nuevo"   "0.409397827261679" "25"               
[4] "0.42"             
[1] "Individuo Actual"  "0.409397827261679" "26"               
[4] "0.6"              
[1] "Individuo Nuevo"   "0.409397827261679" "30"               
[4] "0.6"              
[1] "Individuo Actual"  "0.409397827261679" "31"               
[4] "0.62"             
[1] "Individuo Nuevo"   "0.416880927711781" "35"               
[4] "0.62"             
[1] "Individuo Actual"  "0.416880927711781" "36"               
[4] "0.36"             
[1] "Individuo Nuevo"   "0.416880927711781" "40"               
[4] "0.36"             
[1] "Individuo Actual"  "0.416880927711781" "41"               
[4] "0.66"             
[1] "Individuo Nuevo"   "0.416880927711781" "45"               
[4] "0.66"             
[1] "Individuo Actual"  "0.416880927711781" "46"               
[4] "0.68"             
[1] "Individuo Nuevo"   "0.417186411973559" "50"               
[4] "0.68"             
[1] "Individuo Actual"  "0.417186411973559" "51"               
[4] "0.3"              
[1] "Individuo Nuevo"   "0.417186411973559" "55"               
[4] "0.3"              
[1] "Individuo Actual"  "0.417186411973559" "56"               
[4] "0.72"             
[1] "Individuo Nuevo"   "0.417186411973559" "60"               
[4] "0.72"             
[1] "Individuo Actual"  "0.417186411973559" "61"               
[4] "0.74"             
[1] "Individuo Nuevo"   "0.417186411973559" "65"               
[4] "0.74"             
[1] "Individuo Actual"  "0.417186411973559" "66"               
[4] "0.76"             
[1] "Individuo Nuevo"   "0.417186411973559" "70"               
[4] "0.76"             
[1] "Individuo Actual"  "0.417186411973559" "71"               
[4] "0.78"             
[1] "Individuo Nuevo"   "0.417186411973559" "75"               
[4] "0.78"             
[1] "Individuo Actual"  "0.417186411973559" "76"               
[4] "0.8"              
[1] "Individuo Nuevo"   "0.417186411973559" "80"               
[4] "0.8"              
[1] "Individuo Actual"  "0.417186411973559" "81"               
[4] "0.82"             
[1] "Individuo Nuevo"   "0.417186411973559" "85"               
[4] "0.82"             
[1] "Individuo Actual"  "0.417186411973559" "86"               
[4] "0.84"             
[1] "Individuo Nuevo"   "0.417186411973559" "90"               
[4] "0.84"             
[1] "Individuo Actual"  "0.417186411973559" "91"               
[4] "0.86"             
[1] "Individuo Nuevo"   "0.417186411973559" "95"               
[4] "0.86"             
[1] "Individuo Actual"  "0.417186411973559" "96"               
[4] "0.88"             
[1] "Individuo Nuevo"   "0.417186411973559" "100"              
[4] "0.88"             
[1] "55751.44"  "1.389"     "55835.402" "0"         "0"        
[1] "0.417186411973559" "4"                
   [1] 2 4 3 2 3 2 2 1 3 2 1 1 1 1 1 2 2 2 2 4 4 4 2 2 1 2 2 3 2 2 2 3 3 1 2 2 1
  [38] 2 2 2 2 3 2 3 2 2 2 2 2 1 2 2 3 2 4 2 2 2 2 3 4 2 1 4 2 2 2 2 2 1 1 2 2 2
  [75] 4 2 2 1 1 2 2 2 2 4 2 2 2 2 1 2 2 2 4 2 2 1 2 4 2 1 1 1 4 2 1 2 1 2 1 2 2
 [112] 1 1 2 2 2 2 2 1 1 3 3 3 1 1 2 2 2 1 1 1 2 2 2 1 2 2 2 3 3 3 2 2 1 4 4 1 2
 [149] 2 2 1 3 2 2 1 2 2 1 2 2 2 3 2 2 1 4 2 2 4 2 3 2 2 2 3 2 3 2 1 1 2 1 3 2 4
 [186] 2 1 2 2 4 3 1 4 1 1 1 1 2 3 2 3 3 4 2 1 2 2 2 1 2 1 1 3 2 2 1 4 3 2 2 2 2
 [223] 1 2 2 1 2 4 2 3 4 3 2 1 1 2 3 3 4 3 3 4 4 1 3 1 4 2 2 2 1 1 4 1 2 2 3 2 1
 [260] 2 1 2 2 2 2 2 2 2 2 1 2 1 2 2 1 2 2 4 2 1 1 2 1 2 3 1 1 1 1 2 2 4 2 2 3 4
 [297] 1 1 1 4 2 2 2 2 4 2 4 1 3 1 2 1 2 2 2 3 2 2 3 4 2 2 3 1 1 4 3 3 2 2 1 2 4
 [334] 1 2 2 2 4 2 2 2 3 4 2 1 2 2 2 2 2 2 2 2 1 3 2 2 3 2 1 1 2 2 2 2 1 2 1 3 2
 [371] 2 1 1 3 4 3 2 1 2 2 1 2 1 2 1 3 2 2 2 2 1 1 2 1 1 2 2 2 2 1 2 3 4 1 2 2 2
 [408] 2 1 2 1 4 2 2 2 2 2 2 3 2 2 3 3 3 1 1 4 1 1 1 1 1 2 1 1 4 1 1 2 2 4 4 3 3
 [445] 3 1 3 1 1 4 2 1 2 2 1 1 2 1 1 4 1 4 3 1 2 1 2 2 1 3 2 1 2 1 1 1 2 4 2 1 2
 [482] 1 1 1 1 1 1 4 2 2 2 1 2 2 1 3 3 2 1 4 1 4 1 2 1 2 4 3 4 2 2 2 2 4 3 2 4 3
 [519] 2 4 3 2 1 1 2 4 2 2 2 4 2 2 2 2 1 1 4 2 1 2 1 3 1 4 2 3 1 1 1 2 1 2 2 2 1
 [556] 4 4 2 2 2 1 1 2 2 1 4 2 1 4 2 2 4 4 2 2 1 4 1 2 2 4 1 2 1 4 2 2 2 1 2 1 2
 [593] 3 1 2 3 3 2 2 1 4 3 2 2 2 2 1 2 2 2 2 1 2 1 2 2 1 2 1 2 4 2 4 2 2 1 1 2 4
 [630] 2 2 2 2 1 2 1 4 1 1 2 4 2 3 1 3 1 2 2 1 1 1 2 4 1 1 2 1 1 2 1 1 2 4 1 4 3
 [667] 4 4 2 2 2 2 2 4 4 1 2 1 2 2 2 3 1 2 2 4 1 4 3 2 2 3 2 2 4 2 3 1 2 2 1 2 1
 [704] 2 2 2 1 2 2 2 2 2 2 2 2 2 3 2 2 2 1 1 2 2 2 2 1 1 2 2 2 1 4 2 3 2 3 1 1 1
 [741] 2 4 4 2 2 2 2 2 2 2 1 3 2 2 2 4 1 1 4 3 2 3 2 4 3 2 1 2 4 2 1 1 1 3 4 3 1
 [778] 1 1 2 2 2 1 2 1 2 3 3 2 2 3 2 3 2 4 2 3 1 1 2 2 2 4 2 1 3 2 3 3 3 4 3 2 1
 [815] 2 3 2 2 2 1 2 1 2 2 2 2 3 3 2 4 1 2 1 1 1 3 2 2 3 1 1 1 3 2 1 2 2 3 2 2 3
 [852] 2 2 1 2 3 1 2 2 2 1 2 2 2 1 3 4 2 1 1 3 2 2 4 4 2 1 3 3 1 1 4 1 2 2 1 3 1
 [889] 2 2 2 2 1 2 1 4 1 2 2 2 2 3 1 1 2 1 2 3 4 2 1 2 1 2 4 1 2 2 1 2 2 2 2 1 2
 [926] 2 4 1 1 2 1 2 2 2 2 1 2 3 3 2 2 2 4 2 3 3 2 2 3 2 3 1 2 2 2 1 3 2 3 1 1 2
 [963] 2 3 1 2 3 2 2 4 2 2 2 2 1 4 4 1 4 2 2 2 2 2 4 2 1 2 4 1 2 3 1 2 2 2 1 2 2
[1000] 4 2 2 3 2 2 1 1 2 3 4 3 1 2 2 2 2 1 1 2 4 2 1 2 2 2 2 4 1 2 2 2 3 1 4 2 2
[1037] 4 2 2 1 2 1 2 3 2 2 2 1 2 2 2 1 2 1 2 2 2 2 3 1 3 1 3 2 2 3 3 1 4 2 4 2 1
[1074] 3 4 2 2 1 1 1 1 2 1 1 1 1 2 4 4 1 1 2 2 3 1 2 2 2 1 1 1 1 4 2 3 1 1 2 2 3
[1111] 2 4 2 4 2 2 2 1 1 1 1 1 3 1 4 4 4 4 1 3 1 4 2 2 3 1 4 2 2 2 1 2 2 1 3 1 4
[1148] 2 2 1 2 1 2 1 1 1 1 2 1 2 3 3 2 2 2 3 1 2 2 1 2 3 1 1 1 1 2 4 2 2 2 3 1 2
[1185] 1 2 2 1 2 1 2 1 1 1 1 1 2 2 2 4
